<?xml version="1.0" encoding="UTF-8"?>
<testsuite xmlns:xsi="http://www.w3.org/2001/XMLSchema-instance" xsi:noNamespaceSchemaLocation="https://maven.apache.org/surefire/maven-surefire-plugin/xsd/surefire-test-report-3.0.xsd" version="3.0" name="hellocucumber.RunCucumberTest" time="0.469" tests="9" errors="0" skipped="0" failures="0">
  <properties>
[...]
</properties>
  <testcase name="Creamos un buffer con tamaño negativo" classname="Prueba crear" time="0.134">
    <system-out><![CDATA[
Scenario: Creamos un buffer con tamaÃ±o negativo &amp#27;[90m# hellocucumber/capNeg.feature:3&amp#27;[0m
  &amp#27;[32mWhen &amp#27;[0m&amp#27;[32mLa capacidad es negativa&amp#27;[0m                 &amp#27;[90m# hellocucumber.StepDefinitions.bufferNeg()&amp#27;[0m
  &amp#27;[32mThen &amp#27;[0m&amp#27;[32mLanza la excepcion IllegalArgument&amp#27;[0m       &amp#27;[90m# hellocucumber.StepDefinitions.IllegalArgument()&amp#27;[0m
]]></system-out>
  </testcase>
  <testcase name="Example #1" classname="Examples" time="0.019">
    <system-out><![CDATA[
Scenario Outline: Sacamos un numero &amp#27;[90m# hellocucumber/get.feature:11&amp#27;[0m
  &amp#27;[32mGiven &amp#27;[0m&amp#27;[32mCreo un buffer&amp#27;[0m              &amp#27;[90m# hellocucumber.StepDefinitions.init()&amp#27;[0m
  &amp#27;[32mWhen &amp#27;[0m&amp#27;[32mInsertamos un objeto &amp#27;[0m&amp#27;[32m&amp#27;[1m4&amp#27;[0m       &amp#27;[90m# hellocucumber.StepDefinitions.put(int)&amp#27;[0m
  &amp#27;[32mWhen &amp#27;[0m&amp#27;[32mSacamos un numero&amp#27;[0m            &amp#27;[90m# hellocucumber.StepDefinitions.get()&amp#27;[0m
  &amp#27;[32mThen &amp#27;[0m&amp#27;[32mSe decrementa el tamaÃ±o&amp#27;[0m      &amp#27;[90m# hellocucumber.StepDefinitions.getSize()&amp#27;[0m
]]></system-out>
  </testcase>
  <testcase name="Example #1" classname="Examples" time="0.012">
    <system-out><![CDATA[
Scenario Outline: Insertamos un numero &amp#27;[90m# hellocucumber/put.feature:10&amp#27;[0m
  &amp#27;[32mGiven &amp#27;[0m&amp#27;[32mCreo un buffer&amp#27;[0m                 &amp#27;[90m# hellocucumber.StepDefinitions.init()&amp#27;[0m
  &amp#27;[32mWhen &amp#27;[0m&amp#27;[32mInsertamos un objeto &amp#27;[0m&amp#27;[32m&amp#27;[1m4&amp#27;[0m          &amp#27;[90m# hellocucumber.StepDefinitions.put(int)&amp#27;[0m
  &amp#27;[32mThen &amp#27;[0m&amp#27;[32mAumenta el tamaÃ±o&amp#27;[0m               &amp#27;[90m# hellocucumber.StepDefinitions.bufferSize()&amp#27;[0m
]]></system-out>
  </testcase>
  <testcase name="Example #2" classname="Examples" time="0.011">
    <system-out><![CDATA[
Scenario Outline: Sacamos un numero &amp#27;[90m# hellocucumber/get.feature:12&amp#27;[0m
  &amp#27;[32mGiven &amp#27;[0m&amp#27;[32mCreo un buffer&amp#27;[0m              &amp#27;[90m# hellocucumber.StepDefinitions.init()&amp#27;[0m
  &amp#27;[32mWhen &amp#27;[0m&amp#27;[32mInsertamos un objeto &amp#27;[0m&amp#27;[32m&amp#27;[1m10&amp#27;[0m      &amp#27;[90m# hellocucumber.StepDefinitions.put(int)&amp#27;[0m
  &amp#27;[32mWhen &amp#27;[0m&amp#27;[32mSacamos un numero&amp#27;[0m            &amp#27;[90m# hellocucumber.StepDefinitions.get()&amp#27;[0m
  &amp#27;[32mThen &amp#27;[0m&amp#27;[32mSe decrementa el tamaÃ±o&amp#27;[0m      &amp#27;[90m# hellocucumber.StepDefinitions.getSize()&amp#27;[0m
]]></system-out>
  </testcase>
  <testcase name="Example #2" classname="Examples" time="0.011">
    <system-out><![CDATA[
Scenario Outline: Insertamos un numero &amp#27;[90m# hellocucumber/put.feature:11&amp#27;[0m
  &amp#27;[32mGiven &amp#27;[0m&amp#27;[32mCreo un buffer&amp#27;[0m                 &amp#27;[90m# hellocucumber.StepDefinitions.init()&amp#27;[0m
  &amp#27;[32mWhen &amp#27;[0m&amp#27;[32mInsertamos un objeto &amp#27;[0m&amp#27;[32m&amp#27;[1m10&amp#27;[0m         &amp#27;[90m# hellocucumber.StepDefinitions.put(int)&amp#27;[0m
  &amp#27;[32mThen &amp#27;[0m&amp#27;[32mAumenta el tamaÃ±o&amp#27;[0m               &amp#27;[90m# hellocucumber.StepDefinitions.bufferSize()&amp#27;[0m
]]></system-out>
  </testcase>
  <testcase name="Sacamos de un buffer vacio" classname="Prueba get" time="0.013">
    <system-out><![CDATA[
Scenario: Sacamos de un buffer vacio               &amp#27;[90m# hellocucumber/get.feature:14&amp#27;[0m
  &amp#27;[32mGiven &amp#27;[0m&amp#27;[32mCreo un buffer&amp#27;[0m                             &amp#27;[90m# hellocucumber.StepDefinitions.init()&amp#27;[0m
  &amp#27;[32mWhen &amp#27;[0m&amp#27;[32mSacamos un numero pero el buffer esta vacio&amp#27;[0m &amp#27;[90m# hellocucumber.StepDefinitions.vaciar()&amp#27;[0m
  &amp#27;[32mThen &amp#27;[0m&amp#27;[32mSe lanza excepcion&amp#27;[0m                          &amp#27;[90m# hellocucumber.StepDefinitions.vacioExcepction()&amp#27;[0m
]]></system-out>
  </testcase>
  <testcase name="Comprobamos que esta vacio" classname="Prueba put" time="0.009">
    <system-out><![CDATA[
Scenario: Comprobamos que esta vacio &amp#27;[90m# hellocucumber/isEmpty.feature:3&amp#27;[0m
  &amp#27;[32mGiven &amp#27;[0m&amp#27;[32mCreo un buffer&amp#27;[0m               &amp#27;[90m# hellocucumber.StepDefinitions.init()&amp#27;[0m
  &amp#27;[32mThen &amp#27;[0m&amp#27;[32mEsta vacio&amp#27;[0m                    &amp#27;[90m# hellocucumber.StepDefinitions.isEmpty()&amp#27;[0m
]]></system-out>
  </testcase>
  <testcase name="Insertamos un numero pero el buffer ya esta lleno" classname="Prueba put" time="0.009">
    <system-out><![CDATA[
Scenario: Insertamos un numero pero el buffer ya esta lleno &amp#27;[90m# hellocucumber/put.feature:13&amp#27;[0m
  &amp#27;[32mGiven &amp#27;[0m&amp#27;[32mCreo un buffer&amp#27;[0m                                      &amp#27;[90m# hellocucumber.StepDefinitions.init()&amp#27;[0m
  &amp#27;[32mWhen &amp#27;[0m&amp#27;[32mBuffer esta lleno&amp#27;[0m                                    &amp#27;[90m# hellocucumber.StepDefinitions.llenarBuffer()&amp#27;[0m
  &amp#27;[32mThen &amp#27;[0m&amp#27;[32mSe lanza una excepcion&amp#27;[0m                               &amp#27;[90m# hellocucumber.StepDefinitions.LlenoException()&amp#27;[0m
]]></system-out>
  </testcase>
  <testcase name="Comprobamos que esta lleno" classname="Prueba isFull" time="0.01">
    <system-out><![CDATA[
Scenario: Comprobamos que esta lleno &amp#27;[90m# hellocucumber/isFull.feature:3&amp#27;[0m
  &amp#27;[32mGiven &amp#27;[0m&amp#27;[32mCreo un buffer&amp#27;[0m               &amp#27;[90m# hellocucumber.StepDefinitions.init()&amp#27;[0m
  &amp#27;[32mWhen &amp#27;[0m&amp#27;[32mBuffer esta lleno&amp#27;[0m             &amp#27;[90m# hellocucumber.StepDefinitions.llenarBuffer()&amp#27;[0m
  &amp#27;[32mThen &amp#27;[0m&amp#27;[32mEsta lleno&amp#27;[0m                    &amp#27;[90m# hellocucumber.StepDefinitions.isFull()&amp#27;[0m
]]></system-out>
  </testcase>
</testsuite>